<?xml version="1.0" encoding="UTF-8"?>
<testng-results skipped="0" failed="0" ignored="0" total="2" passed="2">
  <reporter-output>
  </reporter-output>
  <suite name="Suite" duration-ms="21506" started-at="2022-05-15T14:05:11 IST" finished-at="2022-05-15T14:05:33 IST">
    <groups>
    </groups>
    <test name="Test" duration-ms="21506" started-at="2022-05-15T14:05:11 IST" finished-at="2022-05-15T14:05:33 IST">
      <class name="com.banking.testCases.TC_LoginCheck_001">
        <test-method status="PASS" signature="setUp()[pri:0, instance:com.banking.testCases.TC_LoginCheck_001@2829c7]" name="setUp" is-config="true" duration-ms="17016" started-at="2022-05-15T14:05:11 IST" finished-at="2022-05-15T14:05:28 IST">
          <reporter-output>
          </reporter-output>
        </test-method> <!-- setUp -->
        <test-method status="PASS" signature="loginCheck()[pri:0, instance:com.banking.testCases.TC_LoginCheck_001@2829c7]" name="loginCheck" duration-ms="3043" started-at="2022-05-15T14:05:28 IST" finished-at="2022-05-15T14:05:31 IST">
          <reporter-output>
          </reporter-output>
        </test-method> <!-- loginCheck -->
        <test-method status="PASS" signature="titleCheck()[pri:0, instance:com.banking.testCases.TC_LoginCheck_001@2829c7]" name="titleCheck" duration-ms="92" started-at="2022-05-15T14:05:31 IST" finished-at="2022-05-15T14:05:32 IST">
          <reporter-output>
          </reporter-output>
        </test-method> <!-- titleCheck -->
        <test-method status="PASS" signature="tearDown()[pri:0, instance:com.banking.testCases.TC_LoginCheck_001@2829c7]" name="tearDown" is-config="true" duration-ms="1213" started-at="2022-05-15T14:05:32 IST" finished-at="2022-05-15T14:05:33 IST">
          <reporter-output>
          </reporter-output>
        </test-method> <!-- tearDown -->
      </class> <!-- com.banking.testCases.TC_LoginCheck_001 -->
    </test> <!-- Test -->
  </suite> <!-- Suite -->
</testng-results>
