<?xml version="1.0" encoding="UTF-8"?>
<testng-results ignored="0" total="1" passed="1" failed="0" skipped="0">
  <reporter-output>
  </reporter-output>
  <suite started-at="2022-07-28T22:27:31 IST" name="Suite" finished-at="2022-07-28T22:27:57 IST" duration-ms="26013">
    <groups>
    </groups>
    <test started-at="2022-07-28T22:27:31 IST" name="Test" finished-at="2022-07-28T22:27:57 IST" duration-ms="26013">
      <class name="com.banking.testCases.TC_LoginCheck_001">
        <test-method is-config="true" signature="setUp()[pri:0, instance:com.banking.testCases.TC_LoginCheck_001@6a66a204]" started-at="2022-07-28T22:27:31 IST" name="setUp" finished-at="2022-07-28T22:27:54 IST" duration-ms="22660" status="PASS">
          <reporter-output>
          </reporter-output>
        </test-method> <!-- setUp -->
        <test-method signature="loginCheck()[pri:0, instance:com.banking.testCases.TC_LoginCheck_001@6a66a204]" started-at="2022-07-28T22:27:54 IST" name="loginCheck" finished-at="2022-07-28T22:27:56 IST" duration-ms="1882" status="PASS">
          <reporter-output>
          </reporter-output>
        </test-method> <!-- loginCheck -->
        <test-method is-config="true" signature="tearDown()[pri:0, instance:com.banking.testCases.TC_LoginCheck_001@6a66a204]" started-at="2022-07-28T22:27:56 IST" name="tearDown" finished-at="2022-07-28T22:27:57 IST" duration-ms="1406" status="PASS">
          <reporter-output>
          </reporter-output>
        </test-method> <!-- tearDown -->
      </class> <!-- com.banking.testCases.TC_LoginCheck_001 -->
    </test> <!-- Test -->
  </suite> <!-- Suite -->
</testng-results>
