<?xml version="1.0" encoding="UTF-8"?>
<testng-results skipped="0" failed="0" ignored="0" total="1" passed="1">
  <reporter-output>
  </reporter-output>
  <suite name="Suite" duration-ms="76605" started-at="2022-07-28T22:20:43 IST" finished-at="2022-07-28T22:22:00 IST">
    <groups>
    </groups>
    <test name="Test" duration-ms="76605" started-at="2022-07-28T22:20:43 IST" finished-at="2022-07-28T22:22:00 IST">
      <class name="com.banking.testCases.TC_LoginCheck_001">
        <test-method status="PASS" signature="setUp()[pri:0, instance:com.banking.testCases.TC_LoginCheck_001@1bc8645]" name="setUp" is-config="true" duration-ms="53148" started-at="2022-07-28T22:20:43 IST" finished-at="2022-07-28T22:21:37 IST">
          <reporter-output>
          </reporter-output>
        </test-method> <!-- setUp -->
        <test-method status="PASS" signature="loginCheck()[pri:0, instance:com.banking.testCases.TC_LoginCheck_001@1bc8645]" name="loginCheck" duration-ms="13730" started-at="2022-07-28T22:21:37 IST" finished-at="2022-07-28T22:21:50 IST">
          <reporter-output>
          </reporter-output>
        </test-method> <!-- loginCheck -->
        <test-method status="PASS" signature="tearDown()[pri:0, instance:com.banking.testCases.TC_LoginCheck_001@1bc8645]" name="tearDown" is-config="true" duration-ms="9471" started-at="2022-07-28T22:21:50 IST" finished-at="2022-07-28T22:22:00 IST">
          <reporter-output>
          </reporter-output>
        </test-method> <!-- tearDown -->
      </class> <!-- com.banking.testCases.TC_LoginCheck_001 -->
    </test> <!-- Test -->
  </suite> <!-- Suite -->
</testng-results>
