<?xml version="1.0" encoding="UTF-8"?>
<testng-results ignored="0" total="2" passed="2" failed="0" skipped="0">
  <reporter-output>
  </reporter-output>
  <suite started-at="2022-05-15T14:03:58 IST" name="Suite" finished-at="2022-05-15T14:04:17 IST" duration-ms="18878">
    <groups>
    </groups>
    <test started-at="2022-05-15T14:03:58 IST" name="Test" finished-at="2022-05-15T14:04:17 IST" duration-ms="18878">
      <class name="com.banking.testCases.TC_LoginCheck_001">
        <test-method is-config="true" signature="setUp()[pri:0, instance:com.banking.testCases.TC_LoginCheck_001@6c6c5427]" started-at="2022-05-15T14:03:58 IST" name="setUp" finished-at="2022-05-15T14:04:14 IST" duration-ms="15163" status="PASS">
          <reporter-output>
          </reporter-output>
        </test-method> <!-- setUp -->
        <test-method signature="loginCheck()[pri:0, instance:com.banking.testCases.TC_LoginCheck_001@6c6c5427]" started-at="2022-05-15T14:04:14 IST" name="loginCheck" finished-at="2022-05-15T14:04:16 IST" duration-ms="2373" status="PASS">
          <reporter-output>
          </reporter-output>
        </test-method> <!-- loginCheck -->
        <test-method signature="titleCheck()[pri:0, instance:com.banking.testCases.TC_LoginCheck_001@6c6c5427]" started-at="2022-05-15T14:04:16 IST" name="titleCheck" finished-at="2022-05-15T14:04:16 IST" duration-ms="29" status="PASS">
          <reporter-output>
          </reporter-output>
        </test-method> <!-- titleCheck -->
        <test-method is-config="true" signature="tearDown()[pri:0, instance:com.banking.testCases.TC_LoginCheck_001@6c6c5427]" started-at="2022-05-15T14:04:16 IST" name="tearDown" finished-at="2022-05-15T14:04:17 IST" duration-ms="1220" status="PASS">
          <reporter-output>
          </reporter-output>
        </test-method> <!-- tearDown -->
      </class> <!-- com.banking.testCases.TC_LoginCheck_001 -->
    </test> <!-- Test -->
  </suite> <!-- Suite -->
</testng-results>
